[0;36mafl-fuzz [1;97m2.52b[0m by <lcamtuf@google.com>
[1;92m[+] [0mLooks like we're not running on a tty, so I'll be a bit less verbose.[0m
[1;92m[+] [0mYou have 24 CPU cores and 21 runnable tasks (utilization: 88%).[0m
[1;92m[+] [0mTry parallel jobs - see /usr/local/share/doc/afl/parallel_fuzzing.txt.[0m
[1;94m[*] [0mChecking CPU core loadout...[0m
[1;92m[+] [0mFound a free CPU core, binding to #10.[0m
[1;94m[*] [0mChecking core_pattern...[0m
[1;94m[*] [0mChecking CPU scaling governor...[0m
[1;94m[*] [0mSetting up output directories...[0m
[1;94m[*] [0mScanning 'in'...[0m
[1;92m[+] [0mNo auto-generated dictionary tokens to reuse.[0m
[1;94m[*] [0mCreating hard links for all input files...[0m
[1;94m[*] [0mValidating target binary...[0m
[1;94m[*] [0mAttempting dry run with 'id:000000,orig:memory-allocate-failure_parser.c-1142'...[0m
[1;94m[*] [0mSpinning up the fork server...[0m

[1;91m[-] [0mWhoops, the target binary crashed suddenly, before receiving any input
    from the fuzzer! Since it seems to be built with ASAN and you have a
    restrictive memory limit configured, this is expected; please read
    /usr/local/share/doc/afl/notes_for_asan.txt for help.
)B[?25h[0m[1;91m
[-] PROGRAM ABORT : [1;97mFork server crashed with signal 6[1;91m
         Location : [0minit_forkserver(), afl-fuzz.c:2201

